[debug] [2021-12-04T12:43:28.335Z] ----------------------------------------------------------------------
[debug] [2021-12-04T12:43:28.336Z] Command:       /usr/local/bin/node /usr/local/bin/firebase deploy
[debug] [2021-12-04T12:43:28.336Z] CLI Version:   9.23.0
[debug] [2021-12-04T12:43:28.336Z] Platform:      darwin
[debug] [2021-12-04T12:43:28.336Z] Node Version:  v14.16.0
[debug] [2021-12-04T12:43:28.337Z] Time:          Sat Dec 04 2021 14:43:28 GMT+0200 (Eastern European Standard Time)
[debug] [2021-12-04T12:43:28.337Z] ----------------------------------------------------------------------
[debug] 
[debug] [2021-12-04T12:43:28.386Z] > command requires scopes: ["email","openid","https://www.googleapis.com/auth/cloudplatformprojects.readonly","https://www.googleapis.com/auth/firebase","https://www.googleapis.com/auth/cloud-platform"]
[debug] [2021-12-04T12:43:28.386Z] > authorizing via signed-in user (qleverus@gmail.com)
[debug] [2021-12-04T12:43:28.387Z] [iam] checking project test-df75a for permissions ["firebase.projects.get","firebasehosting.sites.update"]
[debug] [2021-12-04T12:43:28.389Z] >>> HTTP REQUEST POST https://cloudresourcemanager.googleapis.com/v1/projects/test-df75a:testIamPermissions  
 {"permissions":["firebase.projects.get","firebasehosting.sites.update"]}
[debug] [2021-12-04T12:43:29.222Z] <<< HTTP RESPONSE 200 {"content-type":"application/json; charset=UTF-8","vary":"X-Origin, Referer, Origin,Accept-Encoding","date":"Sat, 04 Dec 2021 12:43:29 GMT","server":"ESF","cache-control":"private","x-xss-protection":"0","x-frame-options":"SAMEORIGIN","x-content-type-options":"nosniff","server-timing":"gfet4t7; dur=684","alt-svc":"h3=\":443\"; ma=2592000,h3-29=\":443\"; ma=2592000,h3-Q050=\":443\"; ma=2592000,h3-Q046=\":443\"; ma=2592000,h3-Q043=\":443\"; ma=2592000,quic=\":443\"; ma=2592000; v=\"46,43\"","accept-ranges":"none","transfer-encoding":"chunked"}
[debug] [2021-12-04T12:43:29.226Z] > refreshing access token with scopes: []
[debug] [2021-12-04T12:43:29.226Z] >>> HTTP REQUEST POST https://www.googleapis.com/oauth2/v3/token  
 <request body omitted>
[debug] [2021-12-04T12:43:29.351Z] <<< HTTP RESPONSE 200 {"date":"Sat, 04 Dec 2021 12:43:29 GMT","expires":"Mon, 01 Jan 1990 00:00:00 GMT","pragma":"no-cache","cache-control":"no-cache, no-store, max-age=0, must-revalidate","content-type":"application/json; charset=utf-8","vary":"X-Origin, Referer, Origin,Accept-Encoding","server":"scaffolding on HTTPServer2","x-xss-protection":"0","x-frame-options":"SAMEORIGIN","x-content-type-options":"nosniff","alt-svc":"h3=\":443\"; ma=2592000,h3-29=\":443\"; ma=2592000,h3-Q050=\":443\"; ma=2592000,h3-Q046=\":443\"; ma=2592000,h3-Q043=\":443\"; ma=2592000,quic=\":443\"; ma=2592000; v=\"46,43\"","accept-ranges":"none","transfer-encoding":"chunked"}
[debug] [2021-12-04T12:43:29.405Z] >>> [apiv2][query] GET https://firebase.googleapis.com/v1beta1/projects/test-df75a [none]
[debug] [2021-12-04T12:43:29.789Z] <<< [apiv2][status] GET https://firebase.googleapis.com/v1beta1/projects/test-df75a 200
[debug] [2021-12-04T12:43:29.789Z] <<< [apiv2][body] GET https://firebase.googleapis.com/v1beta1/projects/test-df75a {"projectId":"test-df75a","projectNumber":"759630990716","displayName":"test","name":"projects/test-df75a","resources":{"hostingSite":"test-df75a","storageBucket":"test-df75a.appspot.com","locationId":"europe-west"},"state":"ACTIVE"}
[info] 
[info] === Deploying to 'test-df75a'...
[info] 
[info] i  deploying hosting 
[debug] [2021-12-04T12:43:29.791Z] > refreshing access token with scopes: ["email","https://www.googleapis.com/auth/cloud-platform","https://www.googleapis.com/auth/cloudplatformprojects.readonly","https://www.googleapis.com/auth/firebase","openid"]
[debug] [2021-12-04T12:43:29.791Z] >>> HTTP REQUEST POST https://www.googleapis.com/oauth2/v3/token  
 <request body omitted>
[debug] [2021-12-04T12:43:29.906Z] <<< HTTP RESPONSE 200 {"expires":"Mon, 01 Jan 1990 00:00:00 GMT","pragma":"no-cache","date":"Sat, 04 Dec 2021 12:43:29 GMT","cache-control":"no-cache, no-store, max-age=0, must-revalidate","content-type":"application/json; charset=utf-8","vary":"X-Origin, Referer, Origin,Accept-Encoding","server":"scaffolding on HTTPServer2","x-xss-protection":"0","x-frame-options":"SAMEORIGIN","x-content-type-options":"nosniff","alt-svc":"h3=\":443\"; ma=2592000,h3-29=\":443\"; ma=2592000,h3-Q050=\":443\"; ma=2592000,h3-Q046=\":443\"; ma=2592000,h3-Q043=\":443\"; ma=2592000,quic=\":443\"; ma=2592000; v=\"46,43\"","accept-ranges":"none","transfer-encoding":"chunked"}
[debug] [2021-12-04T12:43:29.951Z] >>> HTTP REQUEST POST https://firebasehosting.googleapis.com/v1beta1/sites/test-df75a/versions  
 {"config":{"rewrites":[{"glob":"**","path":"/index.html"}]},"labels":{"deployment-tool":"cli-firebase"}}
[debug] [2021-12-04T12:43:31.297Z] <<< HTTP RESPONSE 200 {"content-type":"application/json; charset=UTF-8","vary":"X-Origin, Referer, Origin,Accept-Encoding","date":"Sat, 04 Dec 2021 12:43:31 GMT","server":"ESF","cache-control":"private","x-xss-protection":"0","x-frame-options":"SAMEORIGIN","x-content-type-options":"nosniff","alt-svc":"h3=\":443\"; ma=2592000,h3-29=\":443\"; ma=2592000,h3-Q050=\":443\"; ma=2592000,h3-Q046=\":443\"; ma=2592000,h3-Q043=\":443\"; ma=2592000,quic=\":443\"; ma=2592000; v=\"46,43\"","accept-ranges":"none","transfer-encoding":"chunked"}
[info] i  hosting[test-df75a]: beginning deploy... 
[info] i  hosting[test-df75a]: found 9 files in dist/ThingsTimeCounter2 
[debug] [2021-12-04T12:43:31.321Z] > refreshing access token with scopes: []
[debug] [2021-12-04T12:43:31.321Z] >>> HTTP REQUEST POST https://www.googleapis.com/oauth2/v3/token  
 <request body omitted>
[debug] [2021-12-04T12:43:31.322Z] [hosting] hash cache [ZGlzdC9UaGluZ3NUaW1lQ291bnRlcjI] stored for 9 files
[debug] [2021-12-04T12:43:31.322Z] [hosting][hash queue][FINAL] {"max":14,"min":3,"avg":4.444444444444445,"active":0,"complete":9,"success":9,"errored":0,"retried":0,"total":9,"elapsed":18}
[debug] [2021-12-04T12:43:31.441Z] <<< HTTP RESPONSE 200 {"pragma":"no-cache","expires":"Mon, 01 Jan 1990 00:00:00 GMT","date":"Sat, 04 Dec 2021 12:43:31 GMT","cache-control":"no-cache, no-store, max-age=0, must-revalidate","content-type":"application/json; charset=utf-8","vary":"X-Origin, Referer, Origin,Accept-Encoding","server":"scaffolding on HTTPServer2","x-xss-protection":"0","x-frame-options":"SAMEORIGIN","x-content-type-options":"nosniff","alt-svc":"h3=\":443\"; ma=2592000,h3-29=\":443\"; ma=2592000,h3-Q050=\":443\"; ma=2592000,h3-Q046=\":443\"; ma=2592000,h3-Q043=\":443\"; ma=2592000,quic=\":443\"; ma=2592000; v=\"46,43\"","accept-ranges":"none","transfer-encoding":"chunked"}
[debug] [2021-12-04T12:43:31.488Z] >>> [apiv2][query] POST https://firebasehosting.googleapis.com/v1beta1/sites/test-df75a/versions/e77c506d79f99524:populateFiles [none]
[debug] [2021-12-04T12:43:31.488Z] >>> [apiv2][body] POST https://firebasehosting.googleapis.com/v1beta1/sites/test-df75a/versions/e77c506d79f99524:populateFiles {"files":{"/favicon.ico":"a2aee5309d0b59b9b66384ccc3969a07fab1b320d0bf76f1b25047a051d7f774","/index.html":"302b1bc03e2e3bf94f91a0fdc19cea1cacf988368298aae78319a380bb3da327","/reloadIcon.25aba68ce15fa6d6fb64.svg":"214752d0c0d7987c18a79586eb9ca6a6d0e4ff780a27d061300c758f15b0b61c","/runtime.f45542a7bb358657c465.js":"4ec3b09f8e0b531df6dbe7ce002069b8427751a9d1d3b980cc84f75bbe9f8659","/assets/reloadIcon.svg":"214752d0c0d7987c18a79586eb9ca6a6d0e4ff780a27d061300c758f15b0b61c","/3rdpartylicenses.txt":"52258fdb14a07c5e87342c3fe140accbb7d91ed7257998ec4a07c8c4d49bf740","/polyfills.6d2f84af8765deb416b7.js":"29791e966806ccda470e535e38e9b50ba6b2deb2afc851dcfb215a727adf7a86","/styles.fc7726204e3f90be315d.css":"63cf309d309717e94da46319821755ccf0c96f6081650f915a48e429b6f66160","/main.0eed189e4724631d4e8c.js":"234f8e0f1778d38f03052c322c1addfa255d3b222236b758f8560c589b9772ea"}}
[debug] [2021-12-04T12:43:32.535Z] <<< [apiv2][status] POST https://firebasehosting.googleapis.com/v1beta1/sites/test-df75a/versions/e77c506d79f99524:populateFiles 200
[debug] [2021-12-04T12:43:32.535Z] <<< [apiv2][body] POST https://firebasehosting.googleapis.com/v1beta1/sites/test-df75a/versions/e77c506d79f99524:populateFiles {"uploadRequiredHashes":["234f8e0f1778d38f03052c322c1addfa255d3b222236b758f8560c589b9772ea","302b1bc03e2e3bf94f91a0fdc19cea1cacf988368298aae78319a380bb3da327"],"uploadUrl":"https://upload-firebasehosting.googleapis.com/upload/sites/test-df75a/versions/e77c506d79f99524/files"}
[debug] [2021-12-04T12:43:32.540Z] >>> [apiv2][query] POST https://upload-firebasehosting.googleapis.com/upload/sites/test-df75a/versions/e77c506d79f99524/files/234f8e0f1778d38f03052c322c1addfa255d3b222236b758f8560c589b9772ea [none]
[debug] [2021-12-04T12:43:32.540Z] >>> [apiv2][body] POST https://upload-firebasehosting.googleapis.com/upload/sites/test-df75a/versions/e77c506d79f99524/files/234f8e0f1778d38f03052c322c1addfa255d3b222236b758f8560c589b9772ea [stream]
[debug] [2021-12-04T12:43:32.543Z] >>> [apiv2][query] POST https://upload-firebasehosting.googleapis.com/upload/sites/test-df75a/versions/e77c506d79f99524/files/302b1bc03e2e3bf94f91a0fdc19cea1cacf988368298aae78319a380bb3da327 [none]
[debug] [2021-12-04T12:43:32.543Z] >>> [apiv2][body] POST https://upload-firebasehosting.googleapis.com/upload/sites/test-df75a/versions/e77c506d79f99524/files/302b1bc03e2e3bf94f91a0fdc19cea1cacf988368298aae78319a380bb3da327 [stream]
[debug] [2021-12-04T12:43:32.545Z] [hosting][populate queue][FINAL] {"max":1220,"min":1220,"avg":1220,"active":0,"complete":1,"success":1,"errored":0,"retried":0,"total":1,"elapsed":1225}
[debug] [2021-12-04T12:43:32.545Z] [hosting] uploads queued: 2
